#
# There is insufficient memory for the Java Runtime Environment to continue.
# Native memory allocation (malloc) failed to allocate 146800640 bytes for committing reserved memory.
# Possible reasons:
#   The system is out of physical RAM or swap space
#   In 32 bit mode, the process size limit was hit
# Possible solutions:
#   Reduce memory load on the system
#   Increase physical memory or swap space
#   Check if swap backing store is full
#   Use 64 bit Java on a 64 bit OS
#   Decrease Java heap size (-Xmx/-Xms)
#   Decrease number of Java threads
#   Decrease Java thread stack sizes (-Xss)
#   Set larger code cache with -XX:ReservedCodeCacheSize=
# This output file may be truncated or incomplete.
#
#  Out of Memory Error (os_linux.cpp:2756), pid=4920, tid=140134793254656
#
# JRE version: Java(TM) SE Runtime Environment (7.0_80-b15) (build 1.7.0_80-b15)
# Java VM: Java HotSpot(TM) 64-Bit Server VM (24.80-b11 mixed mode linux-amd64 compressed oops)
# Failed to write core dump. Core dumps have been disabled. To enable core dumping, try "ulimit -c unlimited" before starting Java again
#

---------------  T H R E A D  ---------------

Current thread (0x00007f73a806a000):  VMThread [stack: 0x00007f73ac829000,0x00007f73ac92a000] [id=4954]

Stack: [0x00007f73ac829000,0x00007f73ac92a000],  sp=0x00007f73ac928140,  free space=1020k
Native frames: (J=compiled Java code, j=interpreted, Vv=VM code, C=native code)
V  [libjvm.so+0x9a320a]  VMError::report_and_die()+0x2ea
V  [libjvm.so+0x498d3b]  report_vm_out_of_memory(char const*, int, unsigned long, char const*)+0x9b
V  [libjvm.so+0x82191e]  os::Linux::commit_memory_impl(char*, unsigned long, bool)+0xfe
V  [libjvm.so+0x821e69]  os::pd_commit_memory(char*, unsigned long, unsigned long, bool)+0x29
V  [libjvm.so+0x81bb6a]  os::commit_memory(char*, unsigned long, unsigned long, bool)+0x2a
V  [libjvm.so+0x88d623]  PSVirtualSpace::expand_by(unsigned long)+0x53
V  [libjvm.so+0x88e9f8]  PSYoungGen::resize_generation(unsigned long, unsigned long)+0xf8
V  [libjvm.so+0x88db62]  PSYoungGen::resize(unsigned long, unsigned long)+0x22
V  [libjvm.so+0x88af1d]  PSScavenge::invoke_no_policy()+0xf3d
V  [libjvm.so+0x88b761]  PSScavenge::invoke()+0x41
V  [libjvm.so+0x843f40]  ParallelScavengeHeap::failed_mem_allocate(unsigned long)+0x70
V  [libjvm.so+0x9a4a97]  VM_ParallelGCFailedAllocation::doit()+0x97
V  [libjvm.so+0x9abf35]  VM_Operation::evaluate()+0x55
V  [libjvm.so+0x9aa2fa]  VMThread::evaluate_operation(VM_Operation*)+0xba
V  [libjvm.so+0x9aa67e]  VMThread::loop()+0x1ce
V  [libjvm.so+0x9aaaf0]  VMThread::run()+0x70
V  [libjvm.so+0x8238c8]  java_start(Thread*)+0x108

VM_Operation (0x00007f739dd6e050): ParallelGCFailedAllocation, mode: safepoint, requested by thread 0x00007f73a8152800


---------------  P R O C E S S  ---------------

Java Threads: ( => current thread )
  0x00007f73a8152800 JavaThread "pool-1-thread-4" [_thread_blocked, id=4989, stack(0x00007f739dc6f000,0x00007f739dd70000)]
  0x00007f73a8151000 JavaThread "pool-1-thread-3" [_thread_blocked, id=4988, stack(0x00007f73a40f1000,0x00007f73a41f2000)]
  0x00007f73a814f000 JavaThread "pool-1-thread-2" [_thread_blocked, id=4987, stack(0x00007f73a41f2000,0x00007f73a42f3000)]
  0x00007f73a8142000 JavaThread "pool-2-thread-1" [_thread_blocked, id=4982, stack(0x00007f73a42f3000,0x00007f73a43f4000)]
  0x00007f73a8140800 JavaThread "pool-1-thread-1" [_thread_blocked, id=4981, stack(0x00007f73a43f4000,0x00007f73a44f5000)]
  0x00007f73a8099000 JavaThread "Service Thread" daemon [_thread_blocked, id=4973, stack(0x00007f73ac223000,0x00007f73ac324000)]
  0x00007f73a8096800 JavaThread "C2 CompilerThread1" daemon [_thread_blocked, id=4972, stack(0x00007f73ac324000,0x00007f73ac425000)]
  0x00007f73a8093800 JavaThread "C2 CompilerThread0" daemon [_thread_blocked, id=4971, stack(0x00007f73ac425000,0x00007f73ac526000)]
  0x00007f73a8091800 JavaThread "Signal Dispatcher" daemon [_thread_blocked, id=4970, stack(0x00007f73ac526000,0x00007f73ac627000)]
  0x00007f73a8070800 JavaThread "Finalizer" daemon [_thread_blocked, id=4956, stack(0x00007f73ac627000,0x00007f73ac728000)]
  0x00007f73a806e800 JavaThread "Reference Handler" daemon [_thread_blocked, id=4955, stack(0x00007f73ac728000,0x00007f73ac829000)]
  0x00007f73a800a000 JavaThread "main" [_thread_blocked, id=4927, stack(0x00007f73b12c5000,0x00007f73b13c6000)]

Other Threads:
=>0x00007f73a806a000 VMThread [stack: 0x00007f73ac829000,0x00007f73ac92a000] [id=4954]
  0x00007f73a80a3800 WatcherThread [stack: 0x00007f73ac122000,0x00007f73ac223000] [id=4974]

VM state:at safepoint (normal execution)

VM Mutex/Monitor currently owned by a thread:  ([mutex/lock_event])
[0x00007f73a8006630] Threads_lock - owner thread: 0x00007f73a806a000
[0x00007f73a8006b30] Heap_lock - owner thread: 0x00007f73a8152800

Heap
 PSYoungGen      total 142336K, used 17915K [0x00000000eaa80000, 0x00000000f4980000, 0x0000000100000000)
  eden space 124416K, 0% used [0x00000000eaa80000,0x00000000eaa80000,0x00000000f2400000)
  from space 17920K, 99% used [0x00000000f2400000,0x00000000f357efe0,0x00000000f3580000)
  to   space 15360K, 0% used [0x00000000f3580000,0x00000000f3580000,0x00000000f4480000)
 ParOldGen       total 41472K, used 37815K [0x00000000c0000000, 0x00000000c2880000, 0x00000000eaa80000)
  object space 41472K, 91% used [0x00000000c0000000,0x00000000c24edf08,0x00000000c2880000)
 PSPermGen       total 21504K, used 6040K [0x00000000bae00000, 0x00000000bc300000, 0x00000000c0000000)
  object space 21504K, 28% used [0x00000000bae00000,0x00000000bb3e60b8,0x00000000bc300000)

Card table byte_map: [0x00007f73ae38e000,0x00007f73ae5b8000] byte_map_base: 0x00007f73addb7000

Polling page: 0x00007f73b13e8000

Code Cache  [0x00007f73a5000000, 0x00007f73a5270000, 0x00007f73a8000000)
 total_blobs=551 nmethods=321 adapters=183 free_code_cache=47668Kb largest_free_block=48764096

Compilation events (10 events):
Event: 30.047 Thread 0x00007f73a8093800 nmethod 327 0x00007f73a5159710 code [0x00007f73a5159860, 0x00007f73a5159928]
Event: 30.047 Thread 0x00007f73a8093800  328             com.android.dx.ssa.SsaMethod::blockIndexToRopLabel (21 bytes)
Event: 30.082 Thread 0x00007f73a8093800 nmethod 328 0x00007f73a5159290 code [0x00007f73a51593e0, 0x00007f73a51594d8]
Event: 30.082 Thread 0x00007f73a8093800  329             com.android.dx.rop.code.LocalItem::compareHandlesNulls (25 bytes)
Event: 30.101 Thread 0x00007f73a8093800 nmethod 329 0x00007f73a51332d0 code [0x00007f73a5133420, 0x00007f73a51335d8]
Event: 30.101 Thread 0x00007f73a8093800  330             com.android.dx.ssa.SCCP::addBlockToWorklist (47 bytes)
Event: 30.219 Thread 0x00007f73a8093800 nmethod 330 0x00007f73a50d4510 code [0x00007f73a50d46e0, 0x00007f73a50d4e70]
Event: 30.219 Thread 0x00007f73a8093800  331             com.android.dx.rop.code.BasicBlockList::getInstructionCount (48 bytes)
Event: 30.250 Thread 0x00007f73a8093800 nmethod 331 0x00007f73a50d3fd0 code [0x00007f73a50d4140, 0x00007f73a50d4338]
Event: 30.250 Thread 0x00007f73a8093800  332             com.android.dx.ssa.SsaBasicBlock::getRopLabelSuccessorList (57 bytes)

GC Heap History (10 events):
Event: 2.442 GC heap after
Heap after GC invocations=2 (full 0):
 PSYoungGen      total 34304K, used 2556K [0x00000000eaa80000, 0x00000000ece80000, 0x0000000100000000)
  eden space 31744K, 0% used [0x00000000eaa80000,0x00000000eaa80000,0x00000000ec980000)
  from space 2560K, 99% used [0x00000000ecc00000,0x00000000ece7f150,0x00000000ece80000)
  to   space 2560K, 0% used [0x00000000ec980000,0x00000000ec980000,0x00000000ecc00000)
 ParOldGen       total 41472K, used 2241K [0x00000000c0000000, 0x00000000c2880000, 0x00000000eaa80000)
  object space 41472K, 5% used [0x00000000c0000000,0x00000000c0230590,0x00000000c2880000)
 PSPermGen       total 21504K, used 5659K [0x00000000bae00000, 0x00000000bc300000, 0x00000000c0000000)
  object space 21504K, 26% used [0x00000000bae00000,0x00000000bb386e60,0x00000000bc300000)
}
Event: 6.064 GC heap before
{Heap before GC invocations=3 (full 0):
 PSYoungGen      total 34304K, used 34300K [0x00000000eaa80000, 0x00000000ece80000, 0x0000000100000000)
  eden space 31744K, 100% used [0x00000000eaa80000,0x00000000ec980000,0x00000000ec980000)
  from space 2560K, 99% used [0x00000000ecc00000,0x00000000ece7f150,0x00000000ece80000)
  to   space 2560K, 0% used [0x00000000ec980000,0x00000000ec980000,0x00000000ecc00000)
 ParOldGen       total 41472K, used 2241K [0x00000000c0000000, 0x00000000c2880000, 0x00000000eaa80000)
  object space 41472K, 5% used [0x00000000c0000000,0x00000000c0230590,0x00000000c2880000)
 PSPermGen       total 21504K, used 5839K [0x00000000bae00000, 0x00000000bc300000, 0x00000000c0000000)
  object space 21504K, 27% used [0x00000000bae00000,0x00000000bb3b3c18,0x00000000bc300000)
Event: 6.124 GC heap after
Heap after GC invocations=3 (full 0):
 PSYoungGen      total 34304K, used 2555K [0x00000000eaa80000, 0x00000000eed80000, 0x0000000100000000)
  eden space 31744K, 0% used [0x00000000eaa80000,0x00000000eaa80000,0x00000000ec980000)
  from space 2560K, 99% used [0x00000000ec980000,0x00000000ecbfef80,0x00000000ecc00000)
  to   space 2560K, 0% used [0x00000000eeb00000,0x00000000eeb00000,0x00000000eed80000)
 ParOldGen       total 41472K, used 7109K [0x00000000c0000000, 0x00000000c2880000, 0x00000000eaa80000)
  object space 41472K, 17% used [0x00000000c0000000,0x00000000c06f1598,0x00000000c2880000)
 PSPermGen       total 21504K, used 5839K [0x00000000bae00000, 0x00000000bc300000, 0x00000000c0000000)
  object space 21504K, 27% used [0x00000000bae00000,0x00000000bb3b3c18,0x00000000bc300000)
}
Event: 9.088 GC heap before
{Heap before GC invocations=4 (full 0):
 PSYoungGen      total 34304K, used 34299K [0x00000000eaa80000, 0x00000000eed80000, 0x0000000100000000)
  eden space 31744K, 100% used [0x00000000eaa80000,0x00000000ec980000,0x00000000ec980000)
  from space 2560K, 99% used [0x00000000ec980000,0x00000000ecbfef80,0x00000000ecc00000)
  to   space 2560K, 0% used [0x00000000eeb00000,0x00000000eeb00000,0x00000000eed80000)
 ParOldGen       total 41472K, used 7109K [0x00000000c0000000, 0x00000000c2880000, 0x00000000eaa80000)
  object space 41472K, 17% used [0x00000000c0000000,0x00000000c06f1598,0x00000000c2880000)
 PSPermGen       total 21504K, used 5880K [0x00000000bae00000, 0x00000000bc300000, 0x00000000c0000000)
  object space 21504K, 27% used [0x00000000bae00000,0x00000000bb3be020,0x00000000bc300000)
Event: 9.154 GC heap after
Heap after GC invocations=4 (full 0):
 PSYoungGen      total 66048K, used 2558K [0x00000000eaa80000, 0x00000000eed80000, 0x0000000100000000)
  eden space 63488K, 0% used [0x00000000eaa80000,0x00000000eaa80000,0x00000000ee880000)
  from space 2560K, 99% used [0x00000000eeb00000,0x00000000eed7f8c8,0x00000000eed80000)
  to   space 2560K, 0% used [0x00000000ee880000,0x00000000ee880000,0x00000000eeb00000)
 ParOldGen       total 41472K, used 12842K [0x00000000c0000000, 0x00000000c2880000, 0x00000000eaa80000)
  object space 41472K, 30% used [0x00000000c0000000,0x00000000c0c8a860,0x00000000c2880000)
 PSPermGen       total 21504K, used 5880K [0x00000000bae00000, 0x00000000bc300000, 0x00000000c0000000)
  object space 21504K, 27% used [0x00000000bae00000,0x00000000bb3be020,0x00000000bc300000)
}
Event: 14.092 GC heap before
{Heap before GC invocations=5 (full 0):
 PSYoungGen      total 66048K, used 66046K [0x00000000eaa80000, 0x00000000eed80000, 0x0000000100000000)
  eden space 63488K, 100% used [0x00000000eaa80000,0x00000000ee880000,0x00000000ee880000)
  from space 2560K, 99% used [0x00000000eeb00000,0x00000000eed7f8c8,0x00000000eed80000)
  to   space 2560K, 0% used [0x00000000ee880000,0x00000000ee880000,0x00000000eeb00000)
 ParOldGen       total 41472K, used 12842K [0x00000000c0000000, 0x00000000c2880000, 0x00000000eaa80000)
  object space 41472K, 30% used [0x00000000c0000000,0x00000000c0c8a860,0x00000000c2880000)
 PSPermGen       total 21504K, used 5917K [0x00000000bae00000, 0x00000000bc300000, 0x00000000c0000000)
  object space 21504K, 27% used [0x00000000bae00000,0x00000000bb3c7520,0x00000000bc300000)
Event: 14.225 GC heap after
Heap after GC invocations=5 (full 0):
 PSYoungGen      total 66048K, used 2558K [0x00000000eaa80000, 0x00000000f4480000, 0x0000000100000000)
  eden space 63488K, 0% used [0x00000000eaa80000,0x00000000eaa80000,0x00000000ee880000)
  from space 2560K, 99% used [0x00000000ee880000,0x00000000eeaff8c8,0x00000000eeb00000)
  to   space 15360K, 0% used [0x00000000f3580000,0x00000000f3580000,0x00000000f4480000)
 ParOldGen       total 41472K, used 23142K [0x00000000c0000000, 0x00000000c2880000, 0x00000000eaa80000)
  object space 41472K, 55% used [0x00000000c0000000,0x00000000c16999f8,0x00000000c2880000)
 PSPermGen       total 21504K, used 5917K [0x00000000bae00000, 0x00000000bc300000, 0x00000000c0000000)
  object space 21504K, 27% used [0x00000000bae00000,0x00000000bb3c7520,0x00000000bc300000)
}
Event: 19.649 GC heap before
{Heap before GC invocations=6 (full 0):
 PSYoungGen      total 66048K, used 66046K [0x00000000eaa80000, 0x00000000f4480000, 0x0000000100000000)
  eden space 63488K, 100% used [0x00000000eaa80000,0x00000000ee880000,0x00000000ee880000)
  from space 2560K, 99% used [0x00000000ee880000,0x00000000eeaff8c8,0x00000000eeb00000)
  to   space 15360K, 0% used [0x00000000f3580000,0x00000000f3580000,0x00000000f4480000)
 ParOldGen       total 41472K, used 23142K [0x00000000c0000000, 0x00000000c2880000, 0x00000000eaa80000)
  object space 41472K, 55% used [0x00000000c0000000,0x00000000c16999f8,0x00000000c2880000)
 PSPermGen       total 21504K, used 5959K [0x00000000bae00000, 0x00000000bc300000, 0x00000000c0000000)
  object space 21504K, 27% used [0x00000000bae00000,0x00000000bb3d1d18,0x00000000bc300000)
Event: 19.838 GC heap after
Heap after GC invocations=6 (full 0):
 PSYoungGen      total 139776K, used 13695K [0x00000000eaa80000, 0x00000000f4980000, 0x0000000100000000)
  eden space 124416K, 0% used [0x00000000eaa80000,0x00000000eaa80000,0x00000000f2400000)
  from space 15360K, 89% used [0x00000000f3580000,0x00000000f42dfc70,0x00000000f4480000)
  to   space 17920K, 0% used [0x00000000f2400000,0x00000000f2400000,0x00000000f3580000)
 ParOldGen       total 41472K, used 23142K [0x00000000c0000000, 0x00000000c2880000, 0x00000000eaa80000)
  object space 41472K, 55% used [0x00000000c0000000,0x00000000c16999f8,0x00000000c2880000)
 PSPermGen       total 21504K, used 5959K [0x00000000bae00000, 0x00000000bc300000, 0x00000000c0000000)
  object space 21504K, 27% used [0x00000000bae00000,0x00000000bb3d1d18,0x00000000bc300000)
}
Event: 30.344 GC heap before
{Heap before GC invocations=7 (full 0):
 PSYoungGen      total 139776K, used 138111K [0x00000000eaa80000, 0x00000000f4980000, 0x0000000100000000)
  eden space 124416K, 100% used [0x00000000eaa80000,0x00000000f2400000,0x00000000f2400000)
  from space 15360K, 89% used [0x00000000f3580000,0x00000000f42dfc70,0x00000000f4480000)
  to   space 17920K, 0% used [0x00000000f2400000,0x00000000f2400000,0x00000000f3580000)
 ParOldGen       total 41472K, used 23142K [0x00000000c0000000, 0x00000000c2880000, 0x00000000eaa80000)
  object space 41472K, 55% used [0x00000000c0000000,0x00000000c16999f8,0x00000000c2880000)
 PSPermGen       total 21504K, used 6040K [0x00000000bae00000, 0x00000000bc300000, 0x00000000c0000000)
  object space 21504K, 28% used [0x00000000bae00000,0x00000000bb3e60b8,0x00000000bc300000)

Deoptimization events (10 events):
Event: 7.937 Thread 0x00007f73a8151000 Uncommon trap: reason=null_check action=make_not_entrant pc=0x00007f73a50c4b58 method=com.android.dx.ssa.SsaRenamer.getLocalForNewReg(I)Lcom/android/dx/rop/code/LocalItem; @ 19
Event: 8.199 Thread 0x00007f73a814f000 Uncommon trap: reason=class_check action=maybe_recompile pc=0x00007f73a50735f8 method=java.util.HashMap.put(Ljava/lang/Object;Ljava/lang/Object;)Ljava/lang/Object; @ 83
Event: 8.199 Thread 0x00007f73a814f000 Uncommon trap: reason=class_check action=maybe_recompile pc=0x00007f73a50735f8 method=java.util.HashMap.put(Ljava/lang/Object;Ljava/lang/Object;)Ljava/lang/Object; @ 83
Event: 8.199 Thread 0x00007f73a814f000 Uncommon trap: reason=class_check action=maybe_recompile pc=0x00007f73a50735f8 method=java.util.HashMap.put(Ljava/lang/Object;Ljava/lang/Object;)Ljava/lang/Object; @ 83
Event: 8.199 Thread 0x00007f73a814f000 Uncommon trap: reason=class_check action=maybe_recompile pc=0x00007f73a50735f8 method=java.util.HashMap.put(Ljava/lang/Object;Ljava/lang/Object;)Ljava/lang/Object; @ 83
Event: 11.516 Thread 0x00007f73a8152800 Uncommon trap: reason=unstable_if action=reinterpret pc=0x00007f73a50df634 method=com.android.dx.util.IntList.binarysearch(I)I @ 105
Event: 13.121 Thread 0x00007f73a814f000 Uncommon trap: reason=unstable_if action=reinterpret pc=0x00007f73a50906f4 method=com.android.dx.util.IntList.binarysearch(I)I @ 105
Event: 15.648 Thread 0x00007f73a8140800 Uncommon trap: reason=unstable_if action=reinterpret pc=0x00007f73a50f59e4 method=com.android.dx.ssa.SCCP.simulateBranch(Lcom/android/dx/ssa/SsaInsn;)V @ 548
Event: 22.352 Thread 0x00007f73a814f000 Uncommon trap: reason=null_check action=make_not_entrant pc=0x00007f73a513ad60 method=com.android.dx.cf.code.Ropper$CatchInfo.getSetup(Lcom/android/dx/rop/type/Type;)Lcom/android/dx/cf/code/Ropper$ExceptionHandlerSetup; @ 10
Event: 24.649 Thread 0x00007f73a800a000 Uncommon trap: reason=unstable_if action=reinterpret pc=0x00007f73a50e516c method=com.android.dx.ssa.Dominators.run()V @ 346

Internal exceptions (10 events):
Event: 1.611 Thread 0x00007f73a800a000 Threw 0x00000000eb21bd28 at /HUDSON/workspace/7u-2-build-linux-amd64/jdk7u80/2329/hotspot/src/share/vm/prims/jvm.cpp:1319
Event: 1.960 Thread 0x00007f73a800a000 Threw 0x00000000eb5a6f20 at /HUDSON/workspace/7u-2-build-linux-amd64/jdk7u80/2329/hotspot/src/share/vm/prims/jvm.cpp:1319
Event: 2.570 Thread 0x00007f73a814f000 Threw 0x00000000eab0e210 at /HUDSON/workspace/7u-2-build-linux-amd64/jdk7u80/2329/hotspot/src/share/vm/prims/jvm.cpp:1319
Event: 3.643 Thread 0x00007f73a800a000 Implicit null exception at 0x00007f73a50ac32f to 0x00007f73a50aca15
Event: 5.884 Thread 0x00007f73a800a000 Threw 0x00000000ec6dda48 at /HUDSON/workspace/7u-2-build-linux-amd64/jdk7u80/2329/hotspot/src/share/vm/prims/jvm.cpp:1319
Event: 6.144 Thread 0x00007f73a800a000 Threw 0x00000000eaa9cb40 at /HUDSON/workspace/7u-2-build-linux-amd64/jdk7u80/2329/hotspot/src/share/vm/prims/jvm.cpp:1319
Event: 7.937 Thread 0x00007f73a8151000 Implicit null exception at 0x00007f73a50c2c0d to 0x00007f73a50c4b35
Event: 11.990 Thread 0x00007f73a800a000 Threw 0x00000000ecf41690 at /HUDSON/workspace/7u-2-build-linux-amd64/jdk7u80/2329/hotspot/src/share/vm/prims/jvm.cpp:1319
Event: 17.914 Thread 0x00007f73a800a000 Threw 0x00000000ed598358 at /HUDSON/workspace/7u-2-build-linux-amd64/jdk7u80/2329/hotspot/src/share/vm/prims/jvm.cpp:1319
Event: 22.352 Thread 0x00007f73a814f000 Implicit null exception at 0x00007f73a5136f61 to 0x00007f73a513ad19

Events (10 events):
Event: 24.649 Thread 0x00007f73a800a000 Uncommon trap: trap_request=0xffffff75 fr.pc=0x00007f73a50e516c
Event: 24.649 Thread 0x00007f73a800a000 DEOPT PACKING pc=0x00007f73a50e516c sp=0x00007f73b13c3890
Event: 24.649 Thread 0x00007f73a800a000 DEOPT UNPACKING pc=0x00007f73a5039445 sp=0x00007f73b13c3878 mode 2
Event: 26.310 Thread 0x00007f73a8096800 flushing nmethod 0x00007f73a507db10
Event: 26.310 Thread 0x00007f73a8096800 flushing nmethod 0x00007f73a507e1d0
Event: 26.487 Thread 0x00007f73a8096800 flushing nmethod 0x00007f73a508d610
Event: 27.233 Thread 0x00007f73a8096800 flushing nmethod 0x00007f73a50c1c10
Event: 27.233 Thread 0x00007f73a8096800 flushing nmethod 0x00007f73a50cf410
Event: 29.331 Thread 0x00007f73a8093800 flushing nmethod 0x00007f73a5072dd0
Event: 30.333 Executing VM operation: ParallelGCFailedAllocation


Dynamic libraries:
00400000-00401000 r-xp 00000000 08:05 2607760                            /usr/lib/jvm/java-7-oracle/bin/java
00600000-00601000 rw-p 00000000 08:05 2607760                            /usr/lib/jvm/java-7-oracle/bin/java
01570000-01591000 rw-p 00000000 00:00 0                                  [heap]
bae00000-bc300000 rw-p 00000000 00:00 0 
bc300000-c0000000 rw-p 00000000 00:00 0 
c0000000-c2880000 rw-p 00000000 00:00 0 
c2880000-eaa80000 rw-p 00000000 00:00 0 
eaa80000-f4980000 rw-p 00000000 00:00 0 
fd580000-100000000 rw-p 00000000 00:00 0 
7f7358000000-7f7358027000 rw-p 00000000 00:00 0 
7f7358027000-7f735c000000 ---p 00000000 00:00 0 
7f735c000000-7f735c021000 rw-p 00000000 00:00 0 
7f735c021000-7f7360000000 ---p 00000000 00:00 0 
7f7360000000-7f7360021000 rw-p 00000000 00:00 0 
7f7360021000-7f7364000000 ---p 00000000 00:00 0 
7f7364000000-7f7364021000 rw-p 00000000 00:00 0 
7f7364021000-7f7368000000 ---p 00000000 00:00 0 
7f7368000000-7f7368021000 rw-p 00000000 00:00 0 
7f7368021000-7f736c000000 ---p 00000000 00:00 0 
7f736c000000-7f736c034000 rw-p 00000000 00:00 0 
7f736c034000-7f7370000000 ---p 00000000 00:00 0 
7f7370000000-7f73715ba000 rw-p 00000000 00:00 0 
7f73715ba000-7f7374000000 ---p 00000000 00:00 0 
7f7374000000-7f7374021000 rw-p 00000000 00:00 0 
7f7374021000-7f7378000000 ---p 00000000 00:00 0 
7f7378000000-7f7378021000 rw-p 00000000 00:00 0 
7f7378021000-7f737c000000 ---p 00000000 00:00 0 
7f737c000000-7f737ddef000 rw-p 00000000 00:00 0 
7f737ddef000-7f7380000000 ---p 00000000 00:00 0 
7f7380000000-7f7380021000 rw-p 00000000 00:00 0 
7f7380021000-7f7384000000 ---p 00000000 00:00 0 
7f7384000000-7f7384021000 rw-p 00000000 00:00 0 
7f7384021000-7f7388000000 ---p 00000000 00:00 0 
7f7388000000-7f7388021000 rw-p 00000000 00:00 0 
7f7388021000-7f738c000000 ---p 00000000 00:00 0 
7f738c000000-7f738c257000 rw-p 00000000 00:00 0 
7f738c257000-7f7390000000 ---p 00000000 00:00 0 
7f7390000000-7f7390021000 rw-p 00000000 00:00 0 
7f7390021000-7f7394000000 ---p 00000000 00:00 0 
7f7398000000-7f7398021000 rw-p 00000000 00:00 0 
7f7398021000-7f739c000000 ---p 00000000 00:00 0 
7f739dc6f000-7f739dc72000 ---p 00000000 00:00 0 
7f739dc72000-7f73a0000000 rw-p 00000000 00:00 0                          [stack:4989]
7f73a0000000-7f73a0021000 rw-p 00000000 00:00 0 
7f73a0021000-7f73a4000000 ---p 00000000 00:00 0 
7f73a40f1000-7f73a40f4000 ---p 00000000 00:00 0 
7f73a40f4000-7f73a41f2000 rw-p 00000000 00:00 0                          [stack:4988]
7f73a41f2000-7f73a41f5000 ---p 00000000 00:00 0 
7f73a41f5000-7f73a42f3000 rw-p 00000000 00:00 0                          [stack:4987]
7f73a42f3000-7f73a42f6000 ---p 00000000 00:00 0 
7f73a42f6000-7f73a43f4000 rw-p 00000000 00:00 0                          [stack:4982]
7f73a43f4000-7f73a43f7000 ---p 00000000 00:00 0 
7f73a43f7000-7f73a44f5000 rw-p 00000000 00:00 0                          [stack:4981]
7f73a44f5000-7f73a450c000 r-xp 00000000 08:05 2630101                    /usr/lib/jvm/java-7-oracle/jre/lib/amd64/libnet.so
7f73a450c000-7f73a470b000 ---p 00017000 08:05 2630101                    /usr/lib/jvm/java-7-oracle/jre/lib/amd64/libnet.so
7f73a470b000-7f73a470c000 rw-p 00016000 08:05 2630101                    /usr/lib/jvm/java-7-oracle/jre/lib/amd64/libnet.so
7f73a470c000-7f73a471c000 r-xp 00000000 08:05 2630110                    /usr/lib/jvm/java-7-oracle/jre/lib/amd64/libnio.so
7f73a471c000-7f73a491c000 ---p 00010000 08:05 2630110                    /usr/lib/jvm/java-7-oracle/jre/lib/amd64/libnio.so
7f73a491c000-7f73a491d000 rw-p 00010000 08:05 2630110                    /usr/lib/jvm/java-7-oracle/jre/lib/amd64/libnio.so
7f73a491d000-7f73a5000000 r--p 00000000 08:05 2509085                    /usr/lib/locale/locale-archive
7f73a5000000-7f73a5270000 rwxp 00000000 00:00 0 
7f73a5270000-7f73a8194000 rw-p 00000000 00:00 0 
7f73a8194000-7f73ac000000 ---p 00000000 00:00 0 
7f73ac0dc000-7f73ac10d000 rw-p 00000000 00:00 0 
7f73ac10d000-7f73ac122000 r--s 000e5000 08:05 1475438                    /home/amera/AndroidStudioProjects/Webservice/app/build/intermediates/exploded-aar/com.android.support/support-v4/23.1.1/jars/classes.jar
7f73ac122000-7f73ac123000 ---p 00000000 00:00 0 
7f73ac123000-7f73ac223000 rw-p 00000000 00:00 0                          [stack:4974]
7f73ac223000-7f73ac226000 ---p 00000000 00:00 0 
7f73ac226000-7f73ac324000 rw-p 00000000 00:00 0                          [stack:4973]
7f73ac324000-7f73ac327000 ---p 00000000 00:00 0 
7f73ac327000-7f73ac425000 rw-p 00000000 00:00 0                          [stack:4972]
7f73ac425000-7f73ac428000 ---p 00000000 00:00 0 
7f73ac428000-7f73ac526000 rw-p 00000000 00:00 0                          [stack:4971]
7f73ac526000-7f73ac529000 ---p 00000000 00:00 0 
7f73ac529000-7f73ac627000 rw-p 00000000 00:00 0                          [stack:4970]
7f73ac627000-7f73ac62a000 ---p 00000000 00:00 0 
7f73ac62a000-7f73ac728000 rw-p 00000000 00:00 0                          [stack:4956]
7f73ac728000-7f73ac72b000 ---p 00000000 00:00 0 
7f73ac72b000-7f73ac829000 rw-p 00000000 00:00 0                          [stack:4955]
7f73ac829000-7f73ac82a000 ---p 00000000 00:00 0 
7f73ac82a000-7f73ad929000 rw-p 00000000 00:00 0                          [stack:4954]
7f73ad929000-7f73adae9000 r--s 039fb000 08:05 2616850                    /usr/lib/jvm/java-7-oracle/jre/lib/rt.jar
7f73adae9000-7f73ade0b000 rw-p 00000000 00:00 0 
7f73ade0b000-7f73ade0c000 ---p 00000000 00:00 0 
7f73ade0c000-7f73adf0c000 rw-p 00000000 00:00 0                          [stack:4936]
7f73adf0c000-7f73adf0d000 ---p 00000000 00:00 0 
7f73adf0d000-7f73ae00d000 rw-p 00000000 00:00 0                          [stack:4935]
7f73ae00d000-7f73ae00e000 ---p 00000000 00:00 0 
7f73ae00e000-7f73ae10e000 rw-p 00000000 00:00 0                          [stack:4931]
7f73ae10e000-7f73ae10f000 ---p 00000000 00:00 0 
7f73ae10f000-7f73ae21a000 rw-p 00000000 00:00 0                          [stack:4929]
7f73ae21a000-7f73ae238000 rw-p 00000000 00:00 0 
7f73ae238000-7f73ae24d000 rw-p 00000000 00:00 0 
7f73ae24d000-7f73ae38e000 rw-p 00000000 00:00 0 
7f73ae38e000-7f73ae399000 rw-p 00000000 00:00 0 
7f73ae399000-7f73ae3b7000 rw-p 00000000 00:00 0 
7f73ae3b7000-7f73ae3cc000 rw-p 00000000 00:00 0 
7f73ae3cc000-7f73ae50c000 rw-p 00000000 00:00 0 
7f73ae50c000-7f73ae55c000 rw-p 00000000 00:00 0 
7f73ae55c000-7f73ae5b7000 rw-p 00000000 00:00 0 
7f73ae5b7000-7f73ae5b8000 rw-p 00000000 00:00 0 
7f73ae5b8000-7f73ae5cf000 r-xp 00000000 08:05 2630070                    /usr/lib/jvm/java-7-oracle/jre/lib/amd64/libzip.so
7f73ae5cf000-7f73ae7cf000 ---p 00017000 08:05 2630070                    /usr/lib/jvm/java-7-oracle/jre/lib/amd64/libzip.so
7f73ae7cf000-7f73ae7d0000 rw-p 00017000 08:05 2630070                    /usr/lib/jvm/java-7-oracle/jre/lib/amd64/libzip.so
7f73ae7d0000-7f73ae7db000 r-xp 00000000 08:05 893271                     /lib/x86_64-linux-gnu/libnss_files-2.19.so
7f73ae7db000-7f73ae9da000 ---p 0000b000 08:05 893271                     /lib/x86_64-linux-gnu/libnss_files-2.19.so
7f73ae9da000-7f73ae9db000 r--p 0000a000 08:05 893271                     /lib/x86_64-linux-gnu/libnss_files-2.19.so
7f73ae9db000-7f73ae9dc000 rw-p 0000b000 08:05 893271                     /lib/x86_64-linux-gnu/libnss_files-2.19.so
7f73ae9dc000-7f73ae9e7000 r-xp 00000000 08:05 893263                     /lib/x86_64-linux-gnu/libnss_nis-2.19.so
7f73ae9e7000-7f73aebe6000 ---p 0000b000 08:05 893263                     /lib/x86_64-linux-gnu/libnss_nis-2.19.so
7f73aebe6000-7f73aebe7000 r--p 0000a000 08:05 893263                     /lib/x86_64-linux-gnu/libnss_nis-2.19.so
7f73aebe7000-7f73aebe8000 rw-p 0000b000 08:05 893263                     /lib/x86_64-linux-gnu/libnss_nis-2.19.so
7f73aebe8000-7f73aebff000 r-xp 00000000 08:05 893259                     /lib/x86_64-linux-gnu/libnsl-2.19.so
7f73aebff000-7f73aedfe000 ---p 00017000 08:05 893259                     /lib/x86_64-linux-gnu/libnsl-2.19.so
7f73aedfe000-7f73aedff000 r--p 00016000 08:05 893259                     /lib/x86_64-linux-gnu/libnsl-2.19.so
7f73aedff000-7f73aee00000 rw-p 00017000 08:05 893259                     /lib/x86_64-linux-gnu/libnsl-2.19.so
7f73aee00000-7f73aee02000 rw-p 00000000 00:00 0 
7f73aee02000-7f73aee0b000 r-xp 00000000 08:05 893258                     /lib/x86_64-linux-gnu/libnss_compat-2.19.so
7f73aee0b000-7f73af00a000 ---p 00009000 08:05 893258                     /lib/x86_64-linux-gnu/libnss_compat-2.19.so
7f73af00a000-7f73af00b000 r--p 00008000 08:05 893258                     /lib/x86_64-linux-gnu/libnss_compat-2.19.so
7f73af00b000-7f73af00c000 rw-p 00009000 08:05 893258                     /lib/x86_64-linux-gnu/libnss_compat-2.19.so
7f73af00c000-7f73af035000 r-xp 00000000 08:05 2630088                    /usr/lib/jvm/java-7-oracle/jre/lib/amd64/libjava.so
7f73af035000-7f73af235000 ---p 00029000 08:05 2630088                    /usr/lib/jvm/java-7-oracle/jre/lib/amd64/libjava.so
7f73af235000-7f73af237000 rw-p 00029000 08:05 2630088                    /usr/lib/jvm/java-7-oracle/jre/lib/amd64/libjava.so
7f73af237000-7f73af244000 r-xp 00000000 08:05 2630105                    /usr/lib/jvm/java-7-oracle/jre/lib/amd64/libverify.so
7f73af244000-7f73af443000 ---p 0000d000 08:05 2630105                    /usr/lib/jvm/java-7-oracle/jre/lib/amd64/libverify.so
7f73af443000-7f73af445000 rw-p 0000c000 08:05 2630105                    /usr/lib/jvm/java-7-oracle/jre/lib/amd64/libverify.so
7f73af445000-7f73af44c000 r-xp 00000000 08:05 893267                     /lib/x86_64-linux-gnu/librt-2.19.so
7f73af44c000-7f73af64b000 ---p 00007000 08:05 893267                     /lib/x86_64-linux-gnu/librt-2.19.so
7f73af64b000-7f73af64c000 r--p 00006000 08:05 893267                     /lib/x86_64-linux-gnu/librt-2.19.so
7f73af64c000-7f73af64d000 rw-p 00007000 08:05 893267                     /lib/x86_64-linux-gnu/librt-2.19.so
7f73af64d000-7f73af752000 r-xp 00000000 08:05 893253                     /lib/x86_64-linux-gnu/libm-2.19.so
7f73af752000-7f73af951000 ---p 00105000 08:05 893253                     /lib/x86_64-linux-gnu/libm-2.19.so
7f73af951000-7f73af952000 r--p 00104000 08:05 893253                     /lib/x86_64-linux-gnu/libm-2.19.so
7f73af952000-7f73af953000 rw-p 00105000 08:05 893253                     /lib/x86_64-linux-gnu/libm-2.19.so
7f73af953000-7f73b04c9000 r-xp 00000000 08:05 2630075                    /usr/lib/jvm/java-7-oracle/jre/lib/amd64/server/libjvm.so
7f73b04c9000-7f73b06c8000 ---p 00b76000 08:05 2630075                    /usr/lib/jvm/java-7-oracle/jre/lib/amd64/server/libjvm.so
7f73b06c8000-7f73b078c000 rw-p 00b75000 08:05 2630075                    /usr/lib/jvm/java-7-oracle/jre/lib/amd64/server/libjvm.so
7f73b078c000-7f73b07cd000 rw-p 00000000 00:00 0 
7f73b07cd000-7f73b0988000 r-xp 00000000 08:05 893268                     /lib/x86_64-linux-gnu/libc-2.19.so
7f73b0988000-7f73b0b87000 ---p 001bb000 08:05 893268                     /lib/x86_64-linux-gnu/libc-2.19.so
7f73b0b87000-7f73b0b8b000 r--p 001ba000 08:05 893268                     /lib/x86_64-linux-gnu/libc-2.19.so
7f73b0b8b000-7f73b0b8d000 rw-p 001be000 08:05 893268                     /lib/x86_64-linux-gnu/libc-2.19.so
7f73b0b8d000-7f73b0b92000 rw-p 00000000 00:00 0 
7f73b0b92000-7f73b0b95000 r-xp 00000000 08:05 893255                     /lib/x86_64-linux-gnu/libdl-2.19.so
7f73b0b95000-7f73b0d94000 ---p 00003000 08:05 893255                     /lib/x86_64-linux-gnu/libdl-2.19.so
7f73b0d94000-7f73b0d95000 r--p 00002000 08:05 893255                     /lib/x86_64-linux-gnu/libdl-2.19.so
7f73b0d95000-7f73b0d96000 rw-p 00003000 08:05 893255                     /lib/x86_64-linux-gnu/libdl-2.19.so
7f73b0d96000-7f73b0dab000 r-xp 00000000 08:05 3172752                    /usr/lib/jvm/java-7-oracle/lib/amd64/jli/libjli.so
7f73b0dab000-7f73b0faa000 ---p 00015000 08:05 3172752                    /usr/lib/jvm/java-7-oracle/lib/amd64/jli/libjli.so
7f73b0faa000-7f73b0fab000 rw-p 00014000 08:05 3172752                    /usr/lib/jvm/java-7-oracle/lib/amd64/jli/libjli.so
7f73b0fab000-7f73b0fc4000 r-xp 00000000 08:05 893260                     /lib/x86_64-linux-gnu/libpthread-2.19.so
7f73b0fc4000-7f73b11c3000 ---p 00019000 08:05 893260                     /lib/x86_64-linux-gnu/libpthread-2.19.so
7f73b11c3000-7f73b11c4000 r--p 00018000 08:05 893260                     /lib/x86_64-linux-gnu/libpthread-2.19.so
7f73b11c4000-7f73b11c5000 rw-p 00019000 08:05 893260                     /lib/x86_64-linux-gnu/libpthread-2.19.so
7f73b11c5000-7f73b11c9000 rw-p 00000000 00:00 0 
7f73b11c9000-7f73b11ec000 r-xp 00000000 08:05 893261                     /lib/x86_64-linux-gnu/ld-2.19.so
7f73b11ef000-7f73b120f000 rw-p 00000000 00:00 0 
7f73b120f000-7f73b12c5000 rw-p 00000000 00:00 0 
7f73b12c5000-7f73b12c8000 ---p 00000000 00:00 0 
7f73b12c8000-7f73b13ca000 rw-p 00000000 00:00 0                          [stack:4927]
7f73b13cf000-7f73b13d0000 rw-p 00000000 00:00 0 
7f73b13d0000-7f73b13df000 r--s 000df000 08:05 606984                     /home/amera/Android/Sdk/build-tools/23.0.2/lib/dx.jar
7f73b13df000-7f73b13e7000 rw-s 00000000 08:05 2105857                    /tmp/hsperfdata_amera/4920
7f73b13e7000-7f73b13e8000 rw-p 00000000 00:00 0 
7f73b13e8000-7f73b13e9000 ---p 00000000 00:00 0 
7f73b13e9000-7f73b13eb000 rw-p 00000000 00:00 0 
7f73b13eb000-7f73b13ec000 r--p 00022000 08:05 893261                     /lib/x86_64-linux-gnu/ld-2.19.so
7f73b13ec000-7f73b13ed000 rw-p 00023000 08:05 893261                     /lib/x86_64-linux-gnu/ld-2.19.so
7f73b13ed000-7f73b13ee000 rw-p 00000000 00:00 0 
7fff659f9000-7fff65a1a000 rw-p 00000000 00:00 0                          [stack]
7fff65b67000-7fff65b69000 r-xp 00000000 00:00 0                          [vdso]
ffffffffff600000-ffffffffff601000 r-xp 00000000 00:00 0                  [vsyscall]

VM Arguments:
jvm_args: -Djava.awt.headless=true -Xmx1024M -Dfile.encoding=UTF-8 -Duser.country=US -Duser.language=en -Duser.variant 
java_command: com.android.dx.command.Main --dex --num-threads=4 --output /home/amera/AndroidStudioProjects/Webservice/app/build/intermediates/pre-dexed/debug/com.android.support-support-v4-23.1.1_6cd2d13c3c4a8d15f6bcbe01d0aa82bf4c68160d.jar /home/amera/AndroidStudioProjects/Webservice/app/build/intermediates/exploded-aar/com.android.support/support-v4/23.1.1/jars/classes.jar
Launcher Type: SUN_STANDARD

Environment Variables:
JAVA_HOME=/usr/lib/jvm/java-7-oracle
PATH=/usr/local/sbin:/usr/local/bin:/usr/sbin:/usr/bin:/sbin:/bin:/usr/games:/usr/local/games:/usr/lib/jvm/java-7-oracle/bin:/usr/lib/jvm/java-7-oracle/db/bin:/usr/lib/jvm/java-7-oracle/jre/bin
SHELL=/bin/bash
DISPLAY=:0

Signal Handlers:
SIGSEGV: [libjvm.so+0x9a3b20], sa_mask[0]=0x7ffbfeff, sa_flags=0x10000004
SIGBUS: [libjvm.so+0x9a3b20], sa_mask[0]=0x7ffbfeff, sa_flags=0x10000004
SIGFPE: [libjvm.so+0x81e740], sa_mask[0]=0x7ffbfeff, sa_flags=0x10000004
SIGPIPE: [libjvm.so+0x81e740], sa_mask[0]=0x7ffbfeff, sa_flags=0x10000004
SIGXFSZ: [libjvm.so+0x81e740], sa_mask[0]=0x7ffbfeff, sa_flags=0x10000004
SIGILL: [libjvm.so+0x81e740], sa_mask[0]=0x7ffbfeff, sa_flags=0x10000004
SIGUSR1: SIG_DFL, sa_mask[0]=0x00000000, sa_flags=0x00000000
SIGUSR2: [libjvm.so+0x81ffb0], sa_mask[0]=0x00000004, sa_flags=0x10000004
SIGHUP: [libjvm.so+0x8210d0], sa_mask[0]=0x7ffbfeff, sa_flags=0x10000004
SIGINT: [libjvm.so+0x8210d0], sa_mask[0]=0x7ffbfeff, sa_flags=0x10000004
SIGTERM: [libjvm.so+0x8210d0], sa_mask[0]=0x7ffbfeff, sa_flags=0x10000004
SIGQUIT: [libjvm.so+0x8210d0], sa_mask[0]=0x7ffbfeff, sa_flags=0x10000004


---------------  S Y S T E M  ---------------

OS:jessie/sid

uname:Linux 3.13.0-79-generic #123-Ubuntu SMP Fri Feb 19 14:27:58 UTC 2016 x86_64
libc:glibc 2.19 NPTL 2.19 
rlimit: STACK 8192k, CORE 0k, NPROC 30946, NOFILE 4096, AS infinity
load average:9.90 3.94 2.67

/proc/meminfo:
MemTotal:        3982792 kB
MemFree:          109588 kB
Buffers:            2960 kB
Cached:           308456 kB
SwapCached:            0 kB
Active:          3422940 kB
Inactive:         270520 kB
Active(anon):    3384396 kB
Inactive(anon):   226948 kB
Active(file):      38544 kB
Inactive(file):    43572 kB
Unevictable:          32 kB
Mlocked:              32 kB
SwapTotal:             0 kB
SwapFree:              0 kB
Dirty:              6628 kB
Writeback:             0 kB
AnonPages:       3382372 kB
Mapped:           131092 kB
Shmem:            229164 kB
Slab:              83736 kB
SReclaimable:      48480 kB
SUnreclaim:        35256 kB
KernelStack:        5696 kB
PageTables:        39592 kB
NFS_Unstable:          0 kB
Bounce:                0 kB
WritebackTmp:          0 kB
CommitLimit:     1991396 kB
Committed_AS:    8573196 kB
VmallocTotal:   34359738367 kB
VmallocUsed:      544332 kB
VmallocChunk:   34359183732 kB
HardwareCorrupted:     0 kB
AnonHugePages:   1112064 kB
HugePages_Total:       0
HugePages_Free:        0
HugePages_Rsvd:        0
HugePages_Surp:        0
Hugepagesize:       2048 kB
DirectMap4k:       51904 kB
DirectMap2M:     1980416 kB
DirectMap1G:     2097152 kB


CPU:total 4 (2 cores per cpu, 2 threads per core) family 6 model 69 stepping 1, cmov, cx8, fxsr, mmx, sse, sse2, sse3, ssse3, sse4.1, sse4.2, popcnt, avx, avx2, aes, erms, ht, tsc, tscinvbit

/proc/cpuinfo:
processor	: 0
vendor_id	: GenuineIntel
cpu family	: 6
model		: 69
model name	: Intel(R) Core(TM) i3-4005U CPU @ 1.70GHz
stepping	: 1
microcode	: 0x1c
cpu MHz		: 1700.000
cache size	: 3072 KB
physical id	: 0
siblings	: 4
core id		: 0
cpu cores	: 2
apicid		: 0
initial apicid	: 0
fpu		: yes
fpu_exception	: yes
cpuid level	: 13
wp		: yes
flags		: fpu vme de pse tsc msr pae mce cx8 apic sep mtrr pge mca cmov pat pse36 clflush dts acpi mmx fxsr sse sse2 ss ht tm pbe syscall nx pdpe1gb rdtscp lm constant_tsc arch_perfmon pebs bts rep_good nopl xtopology nonstop_tsc aperfmperf eagerfpu pni pclmulqdq dtes64 monitor ds_cpl vmx est tm2 ssse3 fma cx16 xtpr pdcm pcid sse4_1 sse4_2 movbe popcnt tsc_deadline_timer aes xsave avx f16c rdrand lahf_lm abm ida arat epb xsaveopt pln pts dtherm tpr_shadow vnmi flexpriority ept vpid fsgsbase tsc_adjust bmi1 avx2 smep bmi2 erms invpcid
bogomips	: 3392.35
clflush size	: 64
cache_alignment	: 64
address sizes	: 39 bits physical, 48 bits virtual
power management:

processor	: 1
vendor_id	: GenuineIntel
cpu family	: 6
model		: 69
model name	: Intel(R) Core(TM) i3-4005U CPU @ 1.70GHz
stepping	: 1
microcode	: 0x1c
cpu MHz		: 1700.000
cache size	: 3072 KB
physical id	: 0
siblings	: 4
core id		: 0
cpu cores	: 2
apicid		: 1
initial apicid	: 1
fpu		: yes
fpu_exception	: yes
cpuid level	: 13
wp		: yes
flags		: fpu vme de pse tsc msr pae mce cx8 apic sep mtrr pge mca cmov pat pse36 clflush dts acpi mmx fxsr sse sse2 ss ht tm pbe syscall nx pdpe1gb rdtscp lm constant_tsc arch_perfmon pebs bts rep_good nopl xtopology nonstop_tsc aperfmperf eagerfpu pni pclmulqdq dtes64 monitor ds_cpl vmx est tm2 ssse3 fma cx16 xtpr pdcm pcid sse4_1 sse4_2 movbe popcnt tsc_deadline_timer aes xsave avx f16c rdrand lahf_lm abm ida arat epb xsaveopt pln pts dtherm tpr_shadow vnmi flexpriority ept vpid fsgsbase tsc_adjust bmi1 avx2 smep bmi2 erms invpcid
bogomips	: 3392.35
clflush size	: 64
cache_alignment	: 64
address sizes	: 39 bits physical, 48 bits virtual
power management:

processor	: 2
vendor_id	: GenuineIntel
cpu family	: 6
model		: 69
model name	: Intel(R) Core(TM) i3-4005U CPU @ 1.70GHz
stepping	: 1
microcode	: 0x1c
cpu MHz		: 1700.000
cache size	: 3072 KB
physical id	: 0
siblings	: 4
core id		: 1
cpu cores	: 2
apicid		: 2
initial apicid	: 2
fpu		: yes
fpu_exception	: yes
cpuid level	: 13
wp		: yes
flags		: fpu vme de pse tsc msr pae mce cx8 apic sep mtrr pge mca cmov pat pse36 clflush dts acpi mmx fxsr sse sse2 ss ht tm pbe syscall nx pdpe1gb rdtscp lm constant_tsc arch_perfmon pebs bts rep_good nopl xtopology nonstop_tsc aperfmperf eagerfpu pni pclmulqdq dtes64 monitor ds_cpl vmx est tm2 ssse3 fma cx16 xtpr pdcm pcid sse4_1 sse4_2 movbe popcnt tsc_deadline_timer aes xsave avx f16c rdrand lahf_lm abm ida arat epb xsaveopt pln pts dtherm tpr_shadow vnmi flexpriority ept vpid fsgsbase tsc_adjust bmi1 avx2 smep bmi2 erms invpcid
bogomips	: 3392.35
clflush size	: 64
cache_alignment	: 64
address sizes	: 39 bits physical, 48 bits virtual
power management:

processor	: 3
vendor_id	: GenuineIntel
cpu family	: 6
model		: 69
model name	: Intel(R) Core(TM) i3-4005U CPU @ 1.70GHz
stepping	: 1
microcode	: 0x1c
cpu MHz		: 1700.000
cache size	: 3072 KB
physical id	: 0
siblings	: 4
core id		: 1
cpu cores	: 2
apicid		: 3
initial apicid	: 3
fpu		: yes
fpu_exception	: yes
cpuid level	: 13
wp		: yes
flags		: fpu vme de pse tsc msr pae mce cx8 apic sep mtrr pge mca cmov pat pse36 clflush dts acpi mmx fxsr sse sse2 ss ht tm pbe syscall nx pdpe1gb rdtscp lm constant_tsc arch_perfmon pebs bts rep_good nopl xtopology nonstop_tsc aperfmperf eagerfpu pni pclmulqdq dtes64 monitor ds_cpl vmx est tm2 ssse3 fma cx16 xtpr pdcm pcid sse4_1 sse4_2 movbe popcnt tsc_deadline_timer aes xsave avx f16c rdrand lahf_lm abm ida arat epb xsaveopt pln pts dtherm tpr_shadow vnmi flexpriority ept vpid fsgsbase tsc_adjust bmi1 avx2 smep bmi2 erms invpcid
bogomips	: 3392.35
clflush size	: 64
cache_alignment	: 64
address sizes	: 39 bits physical, 48 bits virtual
power management:



Memory: 4k page, physical 3982792k(109588k free), swap 0k(0k free)

vm_info: Java HotSpot(TM) 64-Bit Server VM (24.80-b11) for linux-amd64 JRE (1.7.0_80-b15), built on Apr 10 2015 19:53:14 by "java_re" with gcc 4.3.0 20080428 (Red Hat 4.3.0-8)

time: Tue Mar  1 14:08:30 2016
elapsed time: 31 seconds

